<?xml version="1.0" encoding="UTF-8"?>
<!-- Generated by org.testng.reporters.JUnitXMLReporter -->
<testsuite hostname="hp-PC" ignored="0" name="Command line test" tests="6" failures="0" timestamp="17 Sep 2021 06:52:19 GMT" time="0.141" errors="0">
  <testcase name="IOSApps" time="0.054" classname="qaclickAcademy.AppiumTest"/>
  <testcase name="NativeAppAndroid" time="0.0" classname="qaclickAcademy.AppiumTest"/>
  <testcase name="deletetwitter" time="0.001" classname="qaclickAcademy.RestAPITest"/>
  <testcase name="postJira" time="0.0" classname="qaclickAcademy.RestAPITest"/>
  <testcase name="browserautomation" time="0.001" classname="qaclickAcademy.SeleniumTest"/>
  <testcase name="elementsui" time="0.001" classname="qaclickAcademy.SeleniumTest"/>
</testsuite> <!-- Command line test -->
