<?xml version="1.0" encoding="UTF-8"?>
<testng-results skipped="0" failed="0" ignored="0" total="6" passed="6">
  <reporter-output>
  </reporter-output>
  <suite name="Command line suite" duration-ms="141" started-at="2021-09-17T06:52:18Z" finished-at="2021-09-17T06:52:19Z">
    <groups>
    </groups>
    <test name="Command line test" duration-ms="141" started-at="2021-09-17T06:52:18Z" finished-at="2021-09-17T06:52:19Z">
      <class name="qaclickAcademy.RestAPITest">
        <test-method status="PASS" signature="deletetwitter()[pri:0, instance:qaclickAcademy.RestAPITest@21bcffb5]" name="deletetwitter" duration-ms="1" started-at="2021-09-17T12:22:19Z" finished-at="2021-09-17T12:22:19Z">
          <reporter-output>
          </reporter-output>
        </test-method> <!-- deletetwitter -->
        <test-method status="PASS" signature="postJira()[pri:0, instance:qaclickAcademy.RestAPITest@21bcffb5]" name="postJira" duration-ms="0" started-at="2021-09-17T12:22:19Z" finished-at="2021-09-17T12:22:19Z">
          <reporter-output>
          </reporter-output>
        </test-method> <!-- postJira -->
      </class> <!-- qaclickAcademy.RestAPITest -->
      <class name="qaclickAcademy.SeleniumTest">
        <test-method status="PASS" signature="browserautomation()[pri:0, instance:qaclickAcademy.SeleniumTest@380fb434]" name="browserautomation" duration-ms="1" started-at="2021-09-17T12:22:19Z" finished-at="2021-09-17T12:22:19Z">
          <reporter-output>
          </reporter-output>
        </test-method> <!-- browserautomation -->
        <test-method status="PASS" signature="elementsui()[pri:0, instance:qaclickAcademy.SeleniumTest@380fb434]" name="elementsui" duration-ms="1" started-at="2021-09-17T12:22:19Z" finished-at="2021-09-17T12:22:19Z">
          <reporter-output>
          </reporter-output>
        </test-method> <!-- elementsui -->
      </class> <!-- qaclickAcademy.SeleniumTest -->
      <class name="qaclickAcademy.AppiumTest">
        <test-method status="PASS" signature="IOSApps()[pri:0, instance:qaclickAcademy.AppiumTest@1a407d53]" name="IOSApps" duration-ms="54" started-at="2021-09-17T12:22:18Z" finished-at="2021-09-17T12:22:19Z">
          <reporter-output>
          </reporter-output>
        </test-method> <!-- IOSApps -->
        <test-method status="PASS" signature="NativeAppAndroid()[pri:0, instance:qaclickAcademy.AppiumTest@1a407d53]" name="NativeAppAndroid" duration-ms="0" started-at="2021-09-17T12:22:19Z" finished-at="2021-09-17T12:22:19Z">
          <reporter-output>
          </reporter-output>
        </test-method> <!-- NativeAppAndroid -->
      </class> <!-- qaclickAcademy.AppiumTest -->
    </test> <!-- Command line test -->
  </suite> <!-- Command line suite -->
</testng-results>
